{"/Users/stanislau_matsiyeuski/dev/home/react-training/config/jest/JestEmptyComponent.tsx": {"path":"/Users/stanislau_matsiyeuski/dev/home/react-training/config/jest/JestEmptyComponent.tsx","statementMap":{"0":{"start":{"line":3,"column":27},"end":{"line":3,"column":40}},"1":{"start":{"line":3,"column":33},"end":{"line":3,"column":40}}},"fnMap":{"0":{"name":"(anonymous_0)","decl":{"start":{"line":3,"column":27},"end":{"line":3,"column":28}},"loc":{"start":{"line":3,"column":33},"end":{"line":3,"column":40}},"line":3}},"branchMap":{},"s":{"0":1,"1":3},"f":{"0":3},"b":{},"_coverageSchema":"1a1c01bbd47fc00a2c39e90264f33305004495a9","hash":"175d88133bca8aa2f5ad7ff42aa65899fcb1fe15"}
,"/Users/stanislau_matsiyeuski/dev/home/react-training/src/app/providers/theme-provider/index.ts": {"path":"/Users/stanislau_matsiyeuski/dev/home/react-training/src/app/providers/theme-provider/index.ts","statementMap":{},"fnMap":{},"branchMap":{},"s":{},"f":{},"b":{},"_coverageSchema":"1a1c01bbd47fc00a2c39e90264f33305004495a9","hash":"5910cdb9817871edeb756cb85b4e1c1553dca58b"}
,"/Users/stanislau_matsiyeuski/dev/home/react-training/src/app/providers/theme-provider/lib/ThemeContext.ts": {"path":"/Users/stanislau_matsiyeuski/dev/home/react-training/src/app/providers/theme-provider/lib/ThemeContext.ts","statementMap":{"0":{"start":{"line":13,"column":28},"end":{"line":13,"column":64}},"1":{"start":{"line":15,"column":39},"end":{"line":15,"column":46}}},"fnMap":{},"branchMap":{},"s":{"0":1,"1":1},"f":{},"b":{},"_coverageSchema":"1a1c01bbd47fc00a2c39e90264f33305004495a9","hash":"1abd8c9f39187fca342a8a89270ded3cc7e7705c"}
,"/Users/stanislau_matsiyeuski/dev/home/react-training/src/app/providers/theme-provider/lib/useTheme.ts": {"path":"/Users/stanislau_matsiyeuski/dev/home/react-training/src/app/providers/theme-provider/lib/useTheme.ts","statementMap":{"0":{"start":{"line":10,"column":30},"end":{"line":10,"column":54}},"1":{"start":{"line":12,"column":22},"end":{"line":16,"column":3}},"2":{"start":{"line":13,"column":21},"end":{"line":13,"column":68}},"3":{"start":{"line":14,"column":4},"end":{"line":14,"column":23}},"4":{"start":{"line":15,"column":4},"end":{"line":15,"column":60}},"5":{"start":{"line":18,"column":2},"end":{"line":18,"column":32}}},"fnMap":{"0":{"name":"useTheme","decl":{"start":{"line":9,"column":16},"end":{"line":9,"column":24}},"loc":{"start":{"line":9,"column":37},"end":{"line":19,"column":1}},"line":9},"1":{"name":"(anonymous_1)","decl":{"start":{"line":12,"column":22},"end":{"line":12,"column":23}},"loc":{"start":{"line":12,"column":28},"end":{"line":16,"column":3}},"line":12}},"branchMap":{"0":{"loc":{"start":{"line":13,"column":21},"end":{"line":13,"column":68}},"type":"cond-expr","locations":[{"start":{"line":13,"column":44},"end":{"line":13,"column":55}},{"start":{"line":13,"column":58},"end":{"line":13,"column":68}}],"line":13}},"s":{"0":3,"1":3,"2":0,"3":0,"4":0,"5":3},"f":{"0":3,"1":0},"b":{"0":[0,0]},"_coverageSchema":"1a1c01bbd47fc00a2c39e90264f33305004495a9","hash":"46f7cc8fa54539c80eb74f606b9d642c4b83ca8e"}
,"/Users/stanislau_matsiyeuski/dev/home/react-training/src/app/providers/theme-provider/ui/ThemeProvider.tsx": {"path":"/Users/stanislau_matsiyeuski/dev/home/react-training/src/app/providers/theme-provider/ui/ThemeProvider.tsx","statementMap":{"0":{"start":{"line":4,"column":21},"end":{"line":4,"column":90}},"1":{"start":{"line":6,"column":33},"end":{"line":19,"column":1}},"2":{"start":{"line":7,"column":28},"end":{"line":7,"column":50}},"3":{"start":{"line":9,"column":23},"end":{"line":12,"column":14}},"4":{"start":{"line":9,"column":38},"end":{"line":12,"column":3}},"5":{"start":{"line":14,"column":2},"end":{"line":18,"column":4}}},"fnMap":{"0":{"name":"(anonymous_0)","decl":{"start":{"line":6,"column":33},"end":{"line":6,"column":34}},"loc":{"start":{"line":6,"column":51},"end":{"line":19,"column":1}},"line":6},"1":{"name":"(anonymous_1)","decl":{"start":{"line":9,"column":31},"end":{"line":9,"column":32}},"loc":{"start":{"line":9,"column":38},"end":{"line":12,"column":3}},"line":9}},"branchMap":{"0":{"loc":{"start":{"line":4,"column":21},"end":{"line":4,"column":90}},"type":"binary-expr","locations":[{"start":{"line":4,"column":21},"end":{"line":4,"column":75}},{"start":{"line":4,"column":79},"end":{"line":4,"column":90}}],"line":4}},"s":{"0":1,"1":1,"2":0,"3":0,"4":0,"5":0},"f":{"0":0,"1":0},"b":{"0":[1,1]},"_coverageSchema":"1a1c01bbd47fc00a2c39e90264f33305004495a9","hash":"704f70d0b6e590028240a302b7028682f6c73c63"}
,"/Users/stanislau_matsiyeuski/dev/home/react-training/src/shared/config/i18n/i18nForTests.ts": {"path":"/Users/stanislau_matsiyeuski/dev/home/react-training/src/shared/config/i18n/i18nForTests.ts","statementMap":{"0":{"start":{"line":4,"column":0},"end":{"line":17,"column":5}}},"fnMap":{},"branchMap":{},"s":{"0":1},"f":{},"b":{},"_coverageSchema":"1a1c01bbd47fc00a2c39e90264f33305004495a9","hash":"3cf601453803179084ee822c691d78b628fdbf70"}
,"/Users/stanislau_matsiyeuski/dev/home/react-training/src/shared/lib/classNames/classNames.ts": {"path":"/Users/stanislau_matsiyeuski/dev/home/react-training/src/shared/lib/classNames/classNames.ts","statementMap":{"0":{"start":{"line":4,"column":2},"end":{"line":11,"column":15}},"1":{"start":{"line":8,"column":38},"end":{"line":8,"column":52}},"2":{"start":{"line":9,"column":35},"end":{"line":9,"column":44}}},"fnMap":{"0":{"name":"classNames","decl":{"start":{"line":3,"column":16},"end":{"line":3,"column":26}},"loc":{"start":{"line":3,"column":92},"end":{"line":12,"column":1}},"line":3},"1":{"name":"(anonymous_1)","decl":{"start":{"line":8,"column":14},"end":{"line":8,"column":15}},"loc":{"start":{"line":8,"column":38},"end":{"line":8,"column":52}},"line":8},"2":{"name":"(anonymous_2)","decl":{"start":{"line":9,"column":11},"end":{"line":9,"column":12}},"loc":{"start":{"line":9,"column":35},"end":{"line":9,"column":44}},"line":9}},"branchMap":{"0":{"loc":{"start":{"line":3,"column":40},"end":{"line":3,"column":55}},"type":"default-arg","locations":[{"start":{"line":3,"column":53},"end":{"line":3,"column":55}}],"line":3},"1":{"loc":{"start":{"line":3,"column":57},"end":{"line":3,"column":82}},"type":"default-arg","locations":[{"start":{"line":3,"column":80},"end":{"line":3,"column":82}}],"line":3}},"s":{"0":22,"1":9,"2":4},"f":{"0":22,"1":9,"2":4},"b":{"0":[1],"1":[1]},"_coverageSchema":"1a1c01bbd47fc00a2c39e90264f33305004495a9","hash":"ca85a55f47afcf43a1e64e0c6ea9bc59c973873d"}
,"/Users/stanislau_matsiyeuski/dev/home/react-training/src/shared/lib/tests/render-with-translation/renderWithTranslation.tsx": {"path":"/Users/stanislau_matsiyeuski/dev/home/react-training/src/shared/lib/tests/render-with-translation/renderWithTranslation.tsx","statementMap":{"0":{"start":{"line":7,"column":2},"end":{"line":11,"column":4}}},"fnMap":{"0":{"name":"renderWithTranslation","decl":{"start":{"line":6,"column":16},"end":{"line":6,"column":37}},"loc":{"start":{"line":6,"column":60},"end":{"line":12,"column":1}},"line":6}},"branchMap":{},"s":{"0":2},"f":{"0":2},"b":{},"_coverageSchema":"1a1c01bbd47fc00a2c39e90264f33305004495a9","hash":"7f4aa417da749d91c3a6b2e086027f13b285ed79"}
,"/Users/stanislau_matsiyeuski/dev/home/react-training/src/shared/ui/button/index.ts": {"path":"/Users/stanislau_matsiyeuski/dev/home/react-training/src/shared/ui/button/index.ts","statementMap":{},"fnMap":{},"branchMap":{},"s":{},"f":{},"b":{},"_coverageSchema":"1a1c01bbd47fc00a2c39e90264f33305004495a9","hash":"0f93d5e773ab5394e1fd0d6cf9e43ed83a0de0ce"}
,"/Users/stanislau_matsiyeuski/dev/home/react-training/src/shared/ui/button/ui/Button.tsx": {"path":"/Users/stanislau_matsiyeuski/dev/home/react-training/src/shared/ui/button/ui/Button.tsx","statementMap":{"0":{"start":{"line":14,"column":39},"end":{"line":20,"column":1}},"1":{"start":{"line":17,"column":2},"end":{"line":19,"column":11}}},"fnMap":{"0":{"name":"(anonymous_0)","decl":{"start":{"line":14,"column":39},"end":{"line":14,"column":40}},"loc":{"start":{"line":17,"column":2},"end":{"line":19,"column":11}},"line":17}},"branchMap":{},"s":{"0":2,"1":8},"f":{"0":8},"b":{},"_coverageSchema":"1a1c01bbd47fc00a2c39e90264f33305004495a9","hash":"e06c608c0a447eed92b733bd6ecd74881f38a447"}
,"/Users/stanislau_matsiyeuski/dev/home/react-training/src/widgets/lang-switcher/index.ts": {"path":"/Users/stanislau_matsiyeuski/dev/home/react-training/src/widgets/lang-switcher/index.ts","statementMap":{},"fnMap":{},"branchMap":{},"s":{},"f":{},"b":{},"_coverageSchema":"1a1c01bbd47fc00a2c39e90264f33305004495a9","hash":"a13bd9ea558f150756b25b22c98e2a58909f9642"}
,"/Users/stanislau_matsiyeuski/dev/home/react-training/src/widgets/lang-switcher/ui/LangSwitcher.tsx": {"path":"/Users/stanislau_matsiyeuski/dev/home/react-training/src/widgets/lang-switcher/ui/LangSwitcher.tsx","statementMap":{"0":{"start":{"line":12,"column":51},"end":{"line":27,"column":1}},"1":{"start":{"line":13,"column":22},"end":{"line":13,"column":46}},"2":{"start":{"line":14,"column":25},"end":{"line":16,"column":3}},"3":{"start":{"line":15,"column":4},"end":{"line":15,"column":62}},"4":{"start":{"line":18,"column":2},"end":{"line":26,"column":4}}},"fnMap":{"0":{"name":"(anonymous_0)","decl":{"start":{"line":12,"column":51},"end":{"line":12,"column":52}},"loc":{"start":{"line":12,"column":70},"end":{"line":27,"column":1}},"line":12},"1":{"name":"(anonymous_1)","decl":{"start":{"line":14,"column":25},"end":{"line":14,"column":26}},"loc":{"start":{"line":14,"column":37},"end":{"line":16,"column":3}},"line":14}},"branchMap":{"0":{"loc":{"start":{"line":15,"column":24},"end":{"line":15,"column":60}},"type":"cond-expr","locations":[{"start":{"line":15,"column":49},"end":{"line":15,"column":53}},{"start":{"line":15,"column":56},"end":{"line":15,"column":60}}],"line":15}},"s":{"0":1,"1":3,"2":3,"3":0,"4":3},"f":{"0":3,"1":0},"b":{"0":[0,0]},"_coverageSchema":"1a1c01bbd47fc00a2c39e90264f33305004495a9","hash":"f18b6f77e7a9da34840b984066990d29209693c1"}
,"/Users/stanislau_matsiyeuski/dev/home/react-training/src/widgets/sidebar/index.ts": {"path":"/Users/stanislau_matsiyeuski/dev/home/react-training/src/widgets/sidebar/index.ts","statementMap":{},"fnMap":{},"branchMap":{},"s":{},"f":{},"b":{},"_coverageSchema":"1a1c01bbd47fc00a2c39e90264f33305004495a9","hash":"b7310662948e7102759e6410cc07912c1d1cfd27"}
,"/Users/stanislau_matsiyeuski/dev/home/react-training/src/widgets/sidebar/ui/Sidebar.tsx": {"path":"/Users/stanislau_matsiyeuski/dev/home/react-training/src/widgets/sidebar/ui/Sidebar.tsx","statementMap":{"0":{"start":{"line":11,"column":41},"end":{"line":35,"column":1}},"1":{"start":{"line":12,"column":36},"end":{"line":12,"column":51}},"2":{"start":{"line":14,"column":19},"end":{"line":16,"column":3}},"3":{"start":{"line":15,"column":4},"end":{"line":15,"column":34}},"4":{"start":{"line":15,"column":27},"end":{"line":15,"column":32}},"5":{"start":{"line":17,"column":2},"end":{"line":34,"column":4}}},"fnMap":{"0":{"name":"(anonymous_0)","decl":{"start":{"line":11,"column":41},"end":{"line":11,"column":42}},"loc":{"start":{"line":11,"column":60},"end":{"line":35,"column":1}},"line":11},"1":{"name":"(anonymous_1)","decl":{"start":{"line":14,"column":19},"end":{"line":14,"column":20}},"loc":{"start":{"line":14,"column":25},"end":{"line":16,"column":3}},"line":14},"2":{"name":"(anonymous_2)","decl":{"start":{"line":15,"column":17},"end":{"line":15,"column":18}},"loc":{"start":{"line":15,"column":27},"end":{"line":15,"column":32}},"line":15}},"branchMap":{},"s":{"0":1,"1":3,"2":3,"3":1,"4":1,"5":3},"f":{"0":3,"1":1,"2":1},"b":{},"_coverageSchema":"1a1c01bbd47fc00a2c39e90264f33305004495a9","hash":"ec544f1e13a71c797011cd021cfde8b6346a4143"}
,"/Users/stanislau_matsiyeuski/dev/home/react-training/src/widgets/theme-switcher/index.ts": {"path":"/Users/stanislau_matsiyeuski/dev/home/react-training/src/widgets/theme-switcher/index.ts","statementMap":{},"fnMap":{},"branchMap":{},"s":{},"f":{},"b":{},"_coverageSchema":"1a1c01bbd47fc00a2c39e90264f33305004495a9","hash":"80bc94c30da3ecbbda6e9b768e4c6c1be79a27d5"}
,"/Users/stanislau_matsiyeuski/dev/home/react-training/src/widgets/theme-switcher/ui/ThemeSwitcher.tsx": {"path":"/Users/stanislau_matsiyeuski/dev/home/react-training/src/widgets/theme-switcher/ui/ThemeSwitcher.tsx","statementMap":{"0":{"start":{"line":15,"column":53},"end":{"line":23,"column":1}},"1":{"start":{"line":16,"column":33},"end":{"line":16,"column":43}},"2":{"start":{"line":18,"column":2},"end":{"line":22,"column":4}}},"fnMap":{"0":{"name":"(anonymous_0)","decl":{"start":{"line":15,"column":53},"end":{"line":15,"column":54}},"loc":{"start":{"line":15,"column":72},"end":{"line":23,"column":1}},"line":15}},"branchMap":{"0":{"loc":{"start":{"line":20,"column":28},"end":{"line":20,"column":90}},"type":"cond-expr","locations":[{"start":{"line":20,"column":52},"end":{"line":20,"column":70}},{"start":{"line":20,"column":73},"end":{"line":20,"column":90}}],"line":20}},"s":{"0":1,"1":3,"2":3},"f":{"0":3},"b":{"0":[0,3]},"_coverageSchema":"1a1c01bbd47fc00a2c39e90264f33305004495a9","hash":"7326b6873a22a2743bd336458de72b6cc3cc3d01"}
}
